 7/11/2024 GoAIR Goair converted sucessfully  '
'  7/11/2024 GoAIR Goair converted sucessfully  '
'  7/11/2024 GoAIR Goair converted sucessfully  '
'  7/11/2024 GoAIR Goair converted sucessfully  '
'  7/11/2024 GoAIR Goair converted sucessfully  '
'  7/11/2024 GoAIR Goair converted sucessfully  '
'  7/11/2024 GoAIR Goair converted sucessfully  '
'  7/11/2024 GoAIR Goair converted sucessfully  '
'  7/11/2024 GoAIR Goair converted sucessfully  '
'  7/11/2024 GoAIR Goair converted sucessfully  '
'  7/11/2024 GoAIR Goair converted sucessfully  '
'  7/11/2024 GoAIR Goair converted sucessfully  '
'  7/11/2024 GoAIR Goair converted sucessfully  '
'  7/11/2024 GoAIR Goair converted sucessfully  '
'  7/11/2024 GoAIR Goair converted sucessfully  '
'  7/11/2024 GoAIR Goair converted sucessfully  '
'  7/11/2024 GoAIR Goair converted sucessfully  '
'  7/11/2024 GoAIR Goair converted sucessfully  '
'  7/11/2024 GoAIR Goair converted sucessfully  '
'  7/11/2024 GoAIR Goair converted sucessfully  '
'  7/11/2024 GoAIR Goair converted sucessfully  '
'  9/11/2024 GoAIR Goair converted sucessfully  '
'  9/11/2024 GoAIR Goair converted sucessfully  '
'  9/11/2024 GoAIR Goair converted sucessfully  '
'  9/11/2024 GoAIR Goair converted sucessfully  '
'  9/11/2024 GoAIR Goair converted sucessfully  '
'  9/11/2024 GoAIR Goair converted sucessfully  '
'  9/11/2024 GoAIR Goair converted sucessfully  '
'  9/11/2024 GoAIR Goair converted sucessfully  '
'  9/11/2024 GoAIR NokAir converted sucessfully  '
'  9/11/2024 GoAIR NokAir converted sucessfully  '
'  9/11/2024 GoAIR NokAir converted sucessfully  '
'  9/11/2024 GoAIR NokAir converted sucessfully  '
'  9/11/2024 GoAIR NokAir converted sucessfully  '
'  9/11/2024 GoAIR ThaiAirAsia converted sucessfully  '
'  9/11/2024 GoAIR ThaiAirAsia converted sucessfully  '
'  9/11/2024 GoAIR ThaiAirAsia converted sucessfully  '
'  9/11/2024 GoAIR ThaiAirAsia converted sucessfully  '
'  9/11/2024 GoAIR ThaiAirAsia converted sucessfully  '
'  9/11/2024 GoAIR ThaiAirAsia converted sucessfully  '
'  9/11/2024 GoAIR ThaiAirAsia converted sucessfully  '
'  9/11/2024 GoAIR ThaiAirAsia converted sucessfully  '
'  9/11/2024 GoAIR ThaiAirAsia converted sucessfully  '
'  9/11/2024 GoAIR ThaiAirAsia converted sucessfully  '
'  9/11/2024 GoAIR ThaiAirAsia converted sucessfully  '
'  9/11/2024 GoAIR GoAir converted successfully 
 9/11/2024 GoAIR ThaiAirAsia converted successfully 
 11/11/2024 GoAIR Akasa converted successfully 
 11/11/2024 GoAIR Akasa converted successfully 
 11/11/2024 GoAIR Akasa converted successfully 
 11/11/2024 GoAIR Akasa converted successfully 
 11/11/2024 GoAIR Akasa converted successfully 
